<?xml version="1.0" encoding="UTF-8"?>
<testng-results ignored="0" total="1" passed="1" failed="0" skipped="0">
  <reporter-output>
  </reporter-output>
  <suite started-at="2024-12-11T20:15:06 IST" name="Default suite" finished-at="2024-12-11T20:15:56 IST" duration-ms="50319">
    <groups>
    </groups>
    <test started-at="2024-12-11T20:15:06 IST" name="Default test" finished-at="2024-12-11T20:15:56 IST" duration-ms="50319">
      <class name="testCases.TC_003_AddProductToCart">
        <test-method is-config="true" signature="setUp(java.lang.String)[pri:0, instance:testCases.TC_003_AddProductToCart@4961f6af]" started-at="2024-12-11T20:15:06 IST" name="setUp" finished-at="2024-12-11T20:15:27 IST" duration-ms="21122" status="PASS">
          <params>
            <param index="0">
              <value>
                <![CDATA[chrome]]>
              </value>
            </param>
          </params>
          <reporter-output>
          </reporter-output>
        </test-method> <!-- setUp -->
        <test-method signature="addAPurticularProductToCart()[pri:0, instance:testCases.TC_003_AddProductToCart@4961f6af]" started-at="2024-12-11T20:15:27 IST" name="addAPurticularProductToCart" finished-at="2024-12-11T20:15:56 IST" duration-ms="28837" status="PASS">
          <reporter-output>
          </reporter-output>
        </test-method> <!-- addAPurticularProductToCart -->
        <test-method is-config="true" signature="tearDown()[pri:0, instance:testCases.TC_003_AddProductToCart@4961f6af]" started-at="2024-12-11T20:15:56 IST" name="tearDown" finished-at="2024-12-11T20:15:56 IST" duration-ms="299" status="PASS">
          <reporter-output>
          </reporter-output>
        </test-method> <!-- tearDown -->
      </class> <!-- testCases.TC_003_AddProductToCart -->
    </test> <!-- Default test -->
  </suite> <!-- Default suite -->
</testng-results>
